make all --print-data-base --no-builtin-variables --no-builtin-rules --question
# GNU Make 4.2.1
# Built for x86_64-pc-linux-gnu
# Copyright (C) 1988-2016 Free Software Foundation, Inc.
# License GPLv3+: GNU GPL version 3 or later <http://gnu.org/licenses/gpl.html>
# This is free software: you are free to change and redistribute it.
# There is NO WARRANTY, to the extent permitted by law.

# Make data base, printed on Sun Jun 12 21:22:55 2022

# Variables

# 'override' directive
GNUMAKEFLAGS := 
# automatic
<D = $(patsubst %/,%,$(dir $<))
# automatic
?F = $(notdir $?)
# environment
PAPERSIZE = a4
# environment
DESKTOP_SESSION = pop
# default
.SHELLFLAGS := -c
# environment
XDG_SESSION_CLASS = user
# environment
SPICETIFY_INSTALL = /home/haseeb/spicetify-cli
# environment
XDG_SESSION_TYPE = x11
# environment
VSCODE_LOG_NATIVE = false
# environment
NVM_INC = /home/haseeb/.nvm/versions/node/v14.18.2/include/node
# automatic
?D = $(patsubst %/,%,$(dir $?))
# environment
IM_CONFIG_PHASE = 1
# automatic
@D = $(patsubst %/,%,$(dir $@))
# environment
XAUTHORITY = /run/user/1000/gdm/Xauthority
# environment
GDMSESSION = pop
# environment
XMODIFIERS = @im=ibus
# makefile
CURDIR := /home/haseeb/projects/personal/developing-with-docker-slides
# makefile
SHELL = /bin/sh
# environment
VSCODE_NLS_CONFIG = {"locale":"en-gb","availableLanguages":{},"_languagePackSupport":true}
# environment
_ = /usr/bin/dbus-update-activation-environment
# environment
JOURNAL_STREAM = 8:65232
# environment
XDG_CONFIG_DIRS = /etc/xdg/xdg-pop:/etc/xdg
# environment
PROJECT_PATHS = /home/haseeb/projects
# environment
STARSHIP_SESSION_KEY = CeahRXviFKvGzv34
# automatic
@F = $(notdir $@)
# environment
GIO_LAUNCHED_DESKTOP_FILE = /usr/share/applications/code.desktop
# environment
OMF_PATH = /home/haseeb/.local/share/omf
# environment
USERNAME = haseeb
# environment
MAKELEVEL := 0
# environment
MANDATORY_PATH = /usr/share/gconf/pop.mandatory.path
# environment
XDG_DATA_DIRS = /usr/share/pop:/home/haseeb/.local/share/flatpak/exports/share:/var/lib/flatpak/exports/share:/usr/local/share/:/usr/share/:/var/lib/snapd/desktop
# environment
DBUS_SESSION_BUS_ADDRESS = unix:path=/run/user/1000/bus
# environment
VSCODE_VERBOSE_LOGGING = true
# environment
MANAGERPID = 6447
# environment
VSCODE_IPC_HOOK_EXTHOST = /run/user/1000/vscode-ipc-3918a1e2-7fa6-45b1-95c2-ec983fb291b1.sock
# environment
LC_NAME = en_GB.UTF-8
# environment
VSCODE_CWD = /home/haseeb
# environment
QT_STYLE_OVERRIDE = kvantum
# default
MAKE_HOST := x86_64-pc-linux-gnu
# environment
PATH = /home/haseeb/google-cloud-sdk/bin:/home/haseeb/.nvm/versions/node/v14.18.2/bin:/home/haseeb/.pyenv/bin:/home/haseeb/.fzf/bin:/home/haseeb/.cargo/bin:/usr/local/go/bin:/home/haseeb/.local/bin:/home/haseeb/bin:/usr/local/sbin:/usr/local/bin:/usr/sbin:/usr/bin:/sbin:/bin:/usr/games:/usr/local/games:/snap/bin:/home/haseeb/go/bin:/usr/local/go/bin:/home/haseeb/.pyenv/bin:/home/haseeb/go/bin:/home/haseeb/spicetify-cli
# environment
GPG_AGENT_INFO = /run/user/1000/gnupg/S.gpg-agent:0:1
# environment
GJS_DEBUG_OUTPUT = stderr
# environment
SESSION_MANAGER = local/pop-os:@/tmp/.ICE-unix/6797,unix/pop-os:/tmp/.ICE-unix/6797
# environment
XDG_RUNTIME_DIR = /run/user/1000
# environment
MANGOHUD = 1
# makefile (from 'Makefile', line 1)
MAKEFILE_LIST :=  Makefile
# environment
GOPATH = /home/haseeb/go
# environment
NVM_BIN = /home/haseeb/.nvm/versions/node/v14.18.2/bin
# environment
SSH_ENV = /home/haseeb/.ssh/environment
# environment
XDG_MENU_PREFIX = gnome-
# environment
VSCODE_LOG_STACK = false
# environment
ELECTRON_RUN_AS_NODE = 1
# environment
PYENV_ROOT = /home/haseeb/.pyenv
# environment
INVOCATION_ID = df7655a43876419688b9be2d4e01bf07
# default
.FEATURES := target-specific order-only second-expansion else-if shortest-stem undefine oneshell archives jobserver output-sync check-symlink load
# environment
XDG_SESSION_DESKTOP = pop
# environment
SSH_AUTH_SOCK = /run/user/1000/keyring/ssh
# environment
GIO_LAUNCHED_DESKTOP_FILE_PID = 8636
# automatic
%F = $(notdir $%)
# environment
DISPLAY = :1
# environment
VSCODE_PIPE_LOGGING = true
# environment
PWD = /home/haseeb/projects/personal/developing-with-docker-slides
# default
.LOADED := 
# environment
SSH_AGENT_PID = 6687
# environment
ORIGINAL_XDG_CURRENT_DESKTOP = pop:GNOME
# environment
GTK_MODULES = gail:atk-bridge:appmenu-gtk-module
# environment
VSCODE_AMD_ENTRYPOINT = vs/workbench/api/node/extensionHostProcess
# environment
PYENV_SHELL = fish
# environment
HOME = /home/haseeb
# environment
VSCODE_CODE_CACHE_PATH = /home/haseeb/.config/Code/CachedData/c3511e6c69bb39013c4a4b7b9566ec1ca73fc4d5
# environment
LOGNAME = haseeb
# environment
APPLICATION_INSIGHTS_NO_DIAGNOSTIC_CHANNEL = 1
# environment
NVM_CD_FLAGS = 
# automatic
+F = $(notdir $+)
# environment
VSCODE_HANDLES_UNCAUGHT_ERRORS = true
# environment
GNOME_DESKTOP_SESSION_ID = this-is-deprecated
# automatic
^D = $(patsubst %/,%,$(dir $^))
# environment
LC_TIME = en_GB.UTF-8
# default
MAKE = $(MAKE_COMMAND)
# default
MAKECMDGOALS := all
# environment
QT_IM_MODULE = ibus
# environment
SHLVL = 1
# environment
GNOME_SHELL_SESSION_MODE = pop
# default
MAKE_VERSION := 4.2.1
# environment
USER = haseeb
# environment
LC_MONETARY = en_GB.UTF-8
# makefile (from 'Makefile', line 1)
.DEFAULT_GOAL := help
# environment
XDG_CURRENT_DESKTOP = Unity
# environment
OMF_CONFIG = /home/haseeb/.config/omf
# environment
GOROOT = /usr/local/go
# environment
LIBVIRT_DEFAULT_URI = qemu:///system
# automatic
%D = $(patsubst %/,%,$(dir $%))
# environment
LC_TELEPHONE = en_GB.UTF-8
# default
MAKE_COMMAND := make
# default
.VARIABLES := 
# automatic
*F = $(notdir $*)
# environment
LANGUAGE = en_GB:en
# environment
VSCODE_IPC_HOOK = /run/user/1000/vscode-066925cc-1.67.2-main.sock
# makefile
MAKEFLAGS = pqrR
# environment
MFLAGS = -pqrR
# automatic
*D = $(patsubst %/,%,$(dir $*))
# environment
NVM_DIR = /home/haseeb/.nvm
# automatic
+D = $(patsubst %/,%,$(dir $+))
# environment
GDK_BACKEND = x11
# environment
LC_PAPER = en_GB.UTF-8
# environment
QT_ACCESSIBILITY = 1
# environment
DEFAULTS_PATH = /usr/share/gconf/pop.default.path
# default
MAKEFILES := 
# environment
LC_NUMERIC = en_GB.UTF-8
# automatic
<F = $(notdir $<)
# environment
LC_MEASUREMENT = en_GB.UTF-8
# environment
LC_ALL = C
# environment
GJS_DEBUG_TOPICS = JS ERROR;JS LOG
# automatic
^F = $(notdir $^)
# default
SUFFIXES := 
# environment
CHROME_DESKTOP = code-url-handler.desktop
# environment
WINDOWPATH = 2
# default
.INCLUDE_DIRS = /usr/include /usr/local/include /usr/include
# environment
LC_IDENTIFICATION = en_GB.UTF-8
# default
.RECIPEPREFIX := 
# environment
LC_ADDRESS = en_GB.UTF-8
# environment
LANG = C
# environment
VSCODE_PID = 8636
# environment
STARSHIP_SHELL = fish
# variable set hash-table stats:
# Load=125/1024=12%, Rehash=0, Collisions=21/150=14%

# Pattern-specific Variable Values

# No pattern-specific variable values.

# Directories

# . (device 66309, inode 61893895): 16 files, no impossibilities.

# 16 files, no impossibilities in 1 directories.

# Implicit Rules

# No implicit rules.

# Files

# Not a target:
all:
#  Command line target.
#  Implicit rule search has been done.
#  File does not exist.
#  File has not been updated.

.PHONY: help start
#  Implicit rule search has not been done.
#  Modification time never checked.
#  File has not been updated.

# Not a target:
Makefile:
#  Implicit rule search has been done.
 
make: *** No rule to make target 'all'.  Stop.

#  Last modified 2022-06-02 16:37:02.681437677
#  File has been updated.
#  Successfully updated.

start:
#  Phony target (prerequisite of .PHONY).
#  Implicit rule search has not been done.
#  File does not exist.
#  File has not been updated.
#  recipe to execute (from 'Makefile', line 11):
	@docker compose up --build

help:
#  Phony target (prerequisite of .PHONY).
#  Implicit rule search has not been done.
#  File does not exist.
#  File has not been updated.
#  recipe to execute (from 'Makefile', line 6):
	@fgrep -h "##" $(MAKEFILE_LIST) | fgrep -v fgrep | sed -e 's/\\$$//' | sed -e 's/##//'

# Not a target:
.DEFAULT:
#  Implicit rule search has not been done.
#  Modification time never checked.
#  File has not been updated.

# files hash-table stats:
# Load=7/1024=1%, Rehash=0, Collisions=0/22=0%
# VPATH Search Paths

# No 'vpath' search paths.

# No general ('VPATH' variable) search path.

# strcache buffers: 1 (0) / strings = 24 / storage = 212 B / avg = 8 B
# current buf: size = 8162 B / used = 212 B / count = 24 / avg = 8 B

# strcache performance: lookups = 35 / hit rate = 31%
# hash-table stats:
# Load=24/8192=0%, Rehash=0, Collisions=1/35=3%
# Finished Make data base on Sun Jun 12 21:22:55 2022

 
